<?xml version="1.0" encoding="UTF-8"?>
<testsuite xmlns:xsi="http://www.w3.org/2001/XMLSchema-instance" xsi:noNamespaceSchemaLocation="https://maven.apache.org/surefire/maven-surefire-plugin/xsd/surefire-test-report.xsd" name="sample.simple.SampleSimpleApplicationTests" time="6.745" tests="2" errors="0" skipped="0" failures="0">
  <properties>
[...]
</properties>
  <testcase name="testDefaultSettings" classname="sample.simple.SampleSimpleApplicationTests" time="6.433"/>
  <testcase name="testCommandLineOverrides" classname="sample.simple.SampleSimpleApplicationTests" time="0.278"/>
</testsuite>